<?xml version="1.0" encoding="utf-8"?><testsuites name="pytest tests"><testsuite name="pytest" errors="0" failures="0" skipped="0" tests="9" time="2.162" timestamp="2026-07-03T11:59:29.454615+00:00" hostname="agent-env-e746fd01-e3a8-4988-bc99-3291ec13d3e3"><testcase classname="tests.backend_test.TestHealth" name="test_health" time="0.212" /><testcase classname="tests.backend_test.TestContact" name="test_create_general" time="0.550" /><testcase classname="tests.backend_test.TestHealth" name="test_root" time="0.040" /><testcase classname="tests.backend_test.TestContact" name="test_create_visit" time="0.244" /><testcase classname="tests.backend_test.TestContact" name="test_create_produce" time="0.340" /><testcase classname="tests.backend_test.TestContact" name="test_invalid_email" time="0.047" /><testcase classname="tests.backend_test.TestContact" name="test_missing_required_fields" time="0.042" /><testcase classname="tests.backend_test.TestContact" name="test_list_sorted_newest_first" time="0.281" /><testcase classname="tests.backend_test.TestContact" name="test_list_limit" time="0.047" /></testsuite></testsuites>