<?xml version="1.0" encoding="utf-8"?><testsuites name="pytest tests"><testsuite name="pytest" errors="0" failures="0" skipped="0" tests="15" time="2.125" timestamp="2026-07-03T12:53:58.433308+00:00" hostname="agent-env-e746fd01-e3a8-4988-bc99-3291ec13d3e3"><testcase classname="tests.backend_test.TestContact" name="test_create_general" time="0.555" /><testcase classname="tests.backend_test.TestBooking" name="test_create_booking_success" time="0.513" /><testcase classname="tests.backend_test.TestBooking" name="test_missing_required_fields" time="0.044" /><testcase classname="tests.backend_test.TestContact" name="test_create_visit" time="0.307" /><testcase classname="tests.backend_test.TestBooking" name="test_invalid_email" time="0.063" /><testcase classname="tests.backend_test.TestBooking" name="test_members_below_one" time="0.044" /><testcase classname="tests.backend_test.TestBooking" name="test_list_persistence_and_newest_first" time="0.367" /><testcase classname="tests.backend_test.TestContact" name="test_create_produce" time="0.215" /><testcase classname="tests.backend_test.TestBooking" name="test_list_limit" time="0.044" /><testcase classname="tests.backend_test.TestHealth" name="test_health" time="0.042" /><testcase classname="tests.backend_test.TestContact" name="test_invalid_email" time="0.049" /><testcase classname="tests.backend_test.TestHealth" name="test_root" time="0.043" /><testcase classname="tests.backend_test.TestContact" name="test_missing_required_fields" time="0.047" /><testcase classname="tests.backend_test.TestContact" name="test_list_sorted_newest_first" time="0.267" /><testcase classname="tests.backend_test.TestContact" name="test_list_limit" time="0.048" /></testsuite></testsuites>